<?xml version="1.0" encoding="UTF-8"?>
<!-- Generated by org.testng.reporters.JUnitReportReporter -->
<testsuite hostname="M2C-L-G90K2B3" failures="0" tests="4" name="NewTest" time="0.029" errors="0" timestamp="2022-09-15T16:02:01 IST" skipped="0">
  <testcase classname="NewTest" name="testngChecka" time="0.015"/>
  <system-out/>
  <testcase classname="NewTest" name="testngCheckb" time="0.003"/>
  <system-out/>
  <testcase classname="NewTest" name="testngCheckd" time="0.007"/>
  <system-out/>
  <testcase classname="NewTest" name="testngCheckc" time="0.004"/>
  <system-out/>
</testsuite> <!-- NewTest -->
