<?xml version="1.0" encoding="UTF-8"?>
<!-- Generated by org.testng.reporters.JUnitReportReporter -->
<testsuite hostname="M2C-L-G90K2B3" failures="0" tests="1" name="com.test.Task2_DragAndDropToBucket" time="19.606" errors="0" timestamp="2022-09-13T10:49:59 IST" skipped="0">
  <testcase classname="com.test.Task2_DragAndDropToBucket" name="openBrowser" time="19.606"/>
  <system-out/>
</testsuite> <!-- com.test.Task2_DragAndDropToBucket -->
