<?xml version="1.0" encoding="UTF-8"?>
<!-- Generated by org.testng.reporters.JUnitReportReporter -->
<testsuite hostname="M2C-L-G90K2B3" failures="0" tests="1" name="com.test.TestNG_manualcheck" time="13.865" errors="0" timestamp="2022-09-13T09:36:27 IST" skipped="0">
  <testcase classname="com.test.TestNG_manualcheck" name="openBrowser" time="13.865"/>
  <system-out/>
</testsuite> <!-- com.test.TestNG_manualcheck -->
