<?xml version="1.0" encoding="UTF-8"?>
<!-- Generated by org.testng.reporters.JUnitReportReporter -->
<testsuite hostname="M2C-L-G90K2B3" failures="0" tests="1" name="com.test.linksVerifyfromDemowebsite" time="4.210" errors="0" timestamp="2022-09-19T12:51:32 IST" skipped="0">
  <testcase classname="com.test.linksVerifyfromDemowebsite" name="Linksverify" time="4.210"/>
  <system-out/>
</testsuite> <!-- com.test.linksVerifyfromDemowebsite -->
