<?xml version="1.0" encoding="UTF-8"?>
<!-- Generated by org.testng.reporters.JUnitReportReporter -->
<testsuite hostname="M2C-L-G90K2B3" failures="0" tests="1" name="testngPackage.TestNG_manualcheck" time="10.466" errors="0" timestamp="2022-09-12T11:15:46 IST" skipped="0">
  <testcase classname="testngPackage.TestNG_manualcheck" name="openBrowser" time="10.466"/>
  <system-out/>
</testsuite> <!-- testngPackage.TestNG_manualcheck -->
