<?xml version="1.0" encoding="UTF-8"?>
<!-- Generated by org.testng.reporters.JUnitReportReporter -->
<testsuite hostname="M2C-L-G90K2B3" failures="0" tests="1" name="com.test.NewTest" time="0.480" errors="0" timestamp="2022-09-19T15:48:15 IST" skipped="0">
  <testcase classname="com.test.NewTest" name="gmailDeleteSocialDetails" time="0.480"/>
  <system-out/>
</testsuite> <!-- com.test.NewTest -->
